2026-03-20 19:43:57,557 INFO src.holorag.embedding_model: Loading embedding model: /data/xyh/models/NV-Embed-v2
Loading weights:   0%|          | 0/304 [00:00<?, ?it/s]Loading weights:  10%|▉         | 30/304 [00:00<00:00, 280.86it/s]Loading weights:  19%|█▉        | 59/304 [00:00<00:00, 278.89it/s]Loading weights:  29%|██▊       | 87/304 [00:00<00:00, 258.78it/s]Loading weights:  39%|███▉      | 120/304 [00:00<00:00, 267.62it/s]Loading weights:  48%|████▊     | 147/304 [00:00<00:00, 265.00it/s]Loading weights:  57%|█████▋    | 174/304 [00:00<00:00, 257.91it/s]Loading weights:  66%|██████▌   | 201/304 [00:00<00:00, 250.70it/s]Loading weights:  75%|███████▌  | 228/304 [00:00<00:00, 255.02it/s]Loading weights:  84%|████████▍ | 255/304 [00:00<00:00, 256.98it/s]Loading weights:  93%|█████████▎| 282/304 [00:01<00:00, 259.94it/s]Loading weights: 100%|██████████| 304/304 [00:01<00:00, 260.74it/s]
2026-03-20 19:44:11,418 INFO httpx: HTTP Request: POST http://127.0.0.1:8000/v1/chat/completions "HTTP/1.1 200 OK"
2026-03-20 19:44:12,658 INFO httpx: HTTP Request: POST http://127.0.0.1:8000/v1/chat/completions "HTTP/1.1 200 OK"
2026-03-20 19:44:15,628 INFO httpx: HTTP Request: POST http://127.0.0.1:8000/v1/chat/completions "HTTP/1.1 200 OK"
2026-03-20 19:44:18,752 INFO httpx: HTTP Request: POST http://127.0.0.1:8000/v1/chat/completions "HTTP/1.1 200 OK"
/home/xyh/miniconda3/envs/holorag-dev/lib/python3.10/site-packages/transformers/modeling_attn_mask_utils.py:202: FutureWarning: The attention mask API under `transformers.modeling_attn_mask_utils` (`AttentionMaskConverter`) is deprecated and will be removed in Transformers v5.10. Please use the new API in `transformers.masking_utils`.
  warnings.warn(DEPRECATION_MESSAGE, FutureWarning)
/home/xyh/miniconda3/envs/holorag-dev/lib/python3.10/contextlib.py:103: FutureWarning: `torch.backends.cuda.sdp_kernel()` is deprecated. In the future, this context manager will be removed. Please see `torch.nn.attention.sdpa_kernel()` for the new context manager, with updated signature.
  self.gen = func(*args, **kwds)
2026-03-20 19:44:21,368 INFO httpx: HTTP Request: POST http://127.0.0.1:8000/v1/chat/completions "HTTP/1.1 200 OK"
{
  "query": "What is the capital of the county that includes the city of Walnut Grove in the state where Star Lite Motel is located?",
  "alpha": {
    "entity": 0.3,
    "sentence": 0.5,
    "chunk": 0.2
  },
  "query_entities": [
    "Walnut Grove",
    "Star Lite Motel"
  ],
  "raw_query_entities": [
    "Walnut Grove",
    "Star Lite Motel"
  ],
  "query_entity_resolutions": [
    {
      "mention": "Walnut Grove",
      "node_id": "entity:walnut_grove",
      "resolved_text": "Walnut Grove",
      "score": 0.7216,
      "alias_score": 1.0,
      "relation_score": 0.7,
      "context_score": 0.52,
      "compatibility_score": 0.5,
      "score_margin": 0.0,
      "confident": false
    },
    {
      "mention": "Star Lite Motel",
      "node_id": "entity:title_anchor_star_lite_motel",
      "resolved_text": "Star Lite Motel",
      "score": 0.6034285714285714,
      "alias_score": 1.0,
      "relation_score": 0.0,
      "context_score": 0.6571428571428571,
      "compatibility_score": 0.5,
      "score_margin": 0.3292380952380952,
      "confident": false
    }
  ],
  "sub_questions": [
    "In which state is the Star Lite Motel located?",
    "In which county is the city of Walnut Grove located in the previously identified state?",
    "What is the capital of the county identified in the previous question?"
  ],
  "sub_question_source": "model_or_heuristic",
  "seeds": [
    {
      "node_id": "entity:walnut_grove_location",
      "score": 0.3245734022927397,
      "layer": "entity"
    },
    {
      "node_id": "entity:title_anchor_star_lite_motel",
      "score": 0.29424595409833243,
      "layer": "entity"
    },
    {
      "node_id": "entity:dilworth",
      "score": 0.29420212389738293,
      "layer": "entity"
    },
    {
      "node_id": "entity:federal_capital_of_canberra",
      "score": 0.2755649085242255,
      "layer": "entity"
    },
    {
      "node_id": "entity:walnut_grove",
      "score": 0.2708567980385741,
      "layer": "entity"
    },
    {
      "node_id": "entity:australia",
      "score": 0.2558875935125213,
      "layer": "entity"
    },
    {
      "node_id": "entity:canberra",
      "score": 0.23184720317371366,
      "layer": "entity"
    },
    {
      "node_id": "entity:title_anchor_kingston_powerhouse",
      "score": 0.20780590488876885,
      "layer": "entity"
    },
    {
      "node_id": "entity:minnesota",
      "score": 0.20064569252981224,
      "layer": "entity"
    },
    {
      "node_id": "entity:redwood_county",
      "score": 0.1946344439830887,
      "layer": "entity"
    },
    {
      "node_id": "sentence:kingston_powerhouse_0_0_the_kingston_powerhouse_is_a_disused_power_plant_in_canberra_the_capital_of_aus",
      "score": 0.18608373011273843,
      "layer": "sentence"
    },
    {
      "node_id": "sentence:walnut_grove_minnesota_0_0_walnut_grove_is_a_city_in_redwood_county_minnesota_united_states",
      "score": 0.156332420529028,
      "layer": "sentence"
    }
  ],
  "ranked_facts": [
    {
      "fact_id": "fact:star_lite_motel_is_located_in_dilworth_sentence_star_lite_motel_0_0_the_star_lite_motel_is_a_historic_motel_in_dilworth_",
      "text": "Star Lite Motel is located in Dilworth",
      "head_id": "entity:title_anchor_star_lite_motel",
      "tail_id": "entity:dilworth",
      "sentence_id": "sentence:star_lite_motel_0_0_the_star_lite_motel_is_a_historic_motel_in_dilworth_minnesota",
      "chunk_id": "chunk:star_lite_motel_0",
      "document_index": 16,
      "score": 0.29199158878924675
    },
    {
      "fact_id": "fact:walnut_grove_is_located_in_minnesota_sentence_walnut_grove_minnesota_0_0_walnut_grove_minnesota_city_u_s",
      "text": "Walnut Grove is located in Minnesota",
      "head_id": "entity:walnut_grove",
      "tail_id": "entity:minnesota",
      "sentence_id": "sentence:walnut_grove_minnesota_0_0_walnut_grove_minnesota_city_u_s",
      "chunk_id": "chunk:walnut_grove_minnesota_0",
      "document_index": 17,
      "score": 0.27462724696287466
    },
    {
      "fact_id": "fact:walnut_grove_is_located_in_redwood_county_sentence_walnut_grove_minnesota_0_0_walnut_grove_is_a_city_in_redwood_county_m",
      "text": "Walnut Grove is located in Redwood County",
      "head_id": "entity:walnut_grove",
      "tail_id": "entity:redwood_county",
      "sentence_id": "sentence:walnut_grove_minnesota_0_0_walnut_grove_is_a_city_in_redwood_county_minnesota_united_states",
      "chunk_id": "chunk:walnut_grove_minnesota_0",
      "document_index": 3,
      "score": 0.2625947994633623
    },
    {
      "fact_id": "fact:canberra_is_the_capital_of_australia_sentence_kingston_powerhouse_0_0_the_kingston_powerhouse_is_a_disused_power_plant_i",
      "text": "Canberra is the capital of Australia",
      "head_id": "entity:canberra",
      "tail_id": "entity:australia",
      "sentence_id": "sentence:kingston_powerhouse_0_0_the_kingston_powerhouse_is_a_disused_power_plant_in_canberra_the_capital_of_aus",
      "chunk_id": "chunk:kingston_powerhouse_0",
      "document_index": 11,
      "score": 0.2536778141089956
    },
    {
      "fact_id": "fact:kingston_powerhouse_is_located_in_canberra_sentence_kingston_powerhouse_0_0_the_kingston_powerhouse_is_a_disused_power_p",
      "text": "Kingston Powerhouse is located in Canberra",
      "head_id": "entity:title_anchor_kingston_powerhouse",
      "tail_id": "entity:canberra",
      "sentence_id": "sentence:kingston_powerhouse_0_0_the_kingston_powerhouse_is_a_disused_power_plant_in_canberra_the_capital_of_aus",
      "chunk_id": "chunk:kingston_powerhouse_0",
      "document_index": 11,
      "score": 0.20559703343138025
    },
    {
      "fact_id": "fact:redwood_county_is_part_of_minnesota_sentence_walnut_grove_minnesota_0_0_walnut_grove_is_a_city_in_redwood_county_minneso",
      "text": "Redwood County is part of Minnesota",
      "head_id": "entity:redwood_county",
      "tail_id": "entity:minnesota",
      "sentence_id": "sentence:walnut_grove_minnesota_0_0_walnut_grove_is_a_city_in_redwood_county_minnesota_united_states",
      "chunk_id": "chunk:walnut_grove_minnesota_0",
      "document_index": 3,
      "score": 0.12224376011571225
    }
  ],
  "bridge_entities": [
    "Minnesota",
    "Redwood County",
    "Dilworth"
  ],
  "reasoning_chain": [
    {
      "sub_question": "In which state is the Star Lite Motel located?",
      "sentence_id": "sentence:star_lite_motel_0_0_the_star_lite_motel_is_a_historic_motel_in_dilworth_minnesota",
      "sentence": "The Star Lite Motel is a historic motel in Dilworth, Minnesota.",
      "score": 0.5300474969114576
    },
    {
      "sub_question": "In which county is the city of Walnut Grove located in the previously identified state?",
      "sentence_id": "sentence:walnut_grove_minnesota_0_0_walnut_grove_is_a_city_in_redwood_county_minnesota_united_states",
      "sentence": "Walnut Grove is a city in Redwood County, Minnesota, United States.",
      "score": 0.6196278900623322
    },
    {
      "sub_question": "What is the capital of the county identified in the previous question?",
      "sentence_id": "sentence:walnut_grove_minnesota_0_0_walnut_grove_is_a_city_in_redwood_county_minnesota_united_states",
      "sentence": "Walnut Grove is a city in Redwood County, Minnesota, United States.",
      "score": 0.5681993186337607
    }
  ],
  "ranked_nodes": [
    {
      "node_id": "sentence:kingston_powerhouse_0_0_the_kingston_powerhouse_is_a_disused_power_plant_in_canberra_the_capital_of_aus",
      "score": 0.05028770897273651,
      "node_type": "sentence"
    },
    {
      "node_id": "sentence:walnut_grove_minnesota_0_1_post_office_first_state_bank_building_and_water_tower_in_walnut_grove_location",
      "score": 0.04960774243297372,
      "node_type": "sentence"
    },
    {
      "node_id": "entity:walnut_grove",
      "score": 0.04249834491008658,
      "node_type": "entity"
    },
    {
      "node_id": "sentence:star_lite_motel_0_0_the_star_lite_motel_is_a_historic_motel_in_dilworth_minnesota",
      "score": 0.042321068118369276,
      "node_type": "sentence"
    },
    {
      "node_id": "sentence:walnut_grove_minnesota_0_0_walnut_grove_is_a_city_in_redwood_county_minnesota_united_states",
      "score": 0.039457506576784145,
      "node_type": "sentence"
    },
    {
      "node_id": "entity:canberra",
      "score": 0.03851200472088477,
      "node_type": "entity"
    },
    {
      "node_id": "entity:dilworth",
      "score": 0.036641442178460173,
      "node_type": "entity"
    },
    {
      "node_id": "entity:minnesota",
      "score": 0.031036634362524754,
      "node_type": "entity"
    },
    {
      "node_id": "entity:title_anchor_star_lite_motel",
      "score": 0.027556262101862315,
      "node_type": "entity"
    },
    {
      "node_id": "sentence:star_lite_motel_0_1_it_is_one_of_the_oldest_buildings_in_dilworth_and_the_oldest_motel_in_clay_coun",
      "score": 0.02727136837115246,
      "node_type": "sentence"
    },
    {
      "node_id": "entity:australia",
      "score": 0.02647088951211038,
      "node_type": "entity"
    },
    {
      "node_id": "sentence:history_of_australia_0_0_the_federal_capital_territory_fct_was_formed_from_new_south_wales_in_1911_to_p",
      "score": 0.02608116740338086,
      "node_type": "sentence"
    },
    {
      "node_id": "entity:redwood_county",
      "score": 0.025192456960322785,
      "node_type": "entity"
    },
    {
      "node_id": "entity:walnut_grove_location",
      "score": 0.02361419556453151,
      "node_type": "entity"
    },
    {
      "node_id": "sentence:walnut_grove_minnesota_0_0_walnut_grove_minnesota_city_u_s",
      "score": 0.02256185236718719,
      "node_type": "sentence"
    },
    {
      "node_id": "entity:title_anchor_kingston_powerhouse",
      "score": 0.022305976534439862,
      "node_type": "entity"
    },
    {
      "node_id": "chunk:walnut_grove_minnesota_0",
      "score": 0.02092619684447405,
      "node_type": "chunk"
    },
    {
      "node_id": "entity:federal_capital_of_canberra",
      "score": 0.02032596155016753,
      "node_type": "entity"
    },
    {
      "node_id": "sentence:orroral_river_0_0_orroral_river_a_perennial_stream_of_the_murrumbidgee_catchment_within_the_murra",
      "score": 0.019920701102457052,
      "node_type": "sentence"
    },
    {
      "node_id": "sentence:star_lite_motel_0_2_earlier_it_was_known_as_charley_s_motel",
      "score": 0.01567179565566605,
      "node_type": "sentence"
    }
  ],
  "ranked_passages": [
    {
      "node_id": "chunk:star_lite_motel_0",
      "passage_index": 16,
      "title": "Star Lite Motel",
      "score": 0.09742540823936781,
      "text": "Star Lite Motel\nThe Star Lite Motel is a historic motel in Dilworth, Minnesota. It is one of the oldest buildings in Dilworth, and the oldest motel in Clay County. Earlier it was known as Charley's Motel. A previous owner created the neon sign that is regarded as the motel's most noteworthy feature.",
      "score_breakdown": {
        "dense": 0.053603483127070486,
        "graph": 0.05671034680138775,
        "fact": 0.3395359231937514
      }
    },
    {
      "node_id": "chunk:walnut_grove_minnesota_0",
      "passage_index": 17,
      "title": "Walnut Grove, Minnesota",
      "score": 0.09717853246417991,
      "text": "Walnut Grove, Minnesota\nWalnut Grove, Minnesota City U.S. Post Office, First State Bank Building, and water tower in Walnut Grove Location of Walnut Grove, Minnesota Coordinates: 44 ° 13 ′ 25 ''N 95 ° 28 ′ 8'' W ﻿ / ﻿ 44.22361 ° N 95.46889 ° W ﻿ / 44.22361; - 95.46889 Coordinates: 44 ° 13 ′ 25 ''N 95 ° 28 ′ 8'' W ﻿ / ﻿ 44.22361 ° N 95.46889 ° W ﻿ / 44.22361; - 95.46889 Country United States State Minnesota County Redwood Founded 1874 Incorporated 1879 Area Total 1.06 sq mi (2.75 km) Land 1.06 sq mi (2.75 km) Water 0 sq mi (0 km) Elevation 1,217 ft (371 m) Population (2010) Total 871 Estimate (2016) 813 Density 820 / sq mi (320 / km) Time zone Central (CST) (UTC - 6) Summer (DST) CDT (UTC - 5) ZIP code 56180 Area code (s) 507 FIPS code 27 - 67846 GNIS feature ID 0653743",
      "score_breakdown": {
        "dense": 0.053352025895509025,
        "graph": 0.05927089464413496,
        "fact": 0.33369099885606307
      }
    },
    {
      "node_id": "chunk:kingston_powerhouse_0",
      "passage_index": 11,
      "title": "Kingston Powerhouse",
      "score": 0.09435081252942237,
      "text": "Kingston Powerhouse\nThe Kingston Powerhouse is a disused power plant in Canberra, the capital of Australia. It is located in the suburb of Kingston, Australian Capital Territory.",
      "score_breakdown": {
        "dense": 0.05230949835079461,
        "graph": 0.05521542247985835,
        "fact": 0.3267730779501856
      }
    },
    {
      "node_id": "chunk:walnut_grove_washington_0",
      "passage_index": 10,
      "title": "Walnut Grove, Washington",
      "score": 0.04496675245490682,
      "text": "Walnut Grove, Washington\nWalnut Grove is a census-designated place (CDP) in Clark County, Washington, United States. The population was 9,790 at the 2010 census, up from 7,164 at the 2000 census.",
      "score_breakdown": {
        "dense": 0.05312757357265758,
        "graph": 0.05248862329981718,
        "fact": 0.0
      }
    },
    {
      "node_id": "chunk:history_of_australia_0",
      "passage_index": 12,
      "title": "History of Australia",
      "score": 0.044905248150816465,
      "text": "History of Australia\nThe Federal Capital Territory (FCT) was formed from New South Wales in 1911 to provide a location for the proposed new federal capital of Canberra (Melbourne was the seat of government from 1901 to 1927). The FCT was renamed the Australian Capital Territory (ACT) in 1938. The Northern Territory was transferred from the control of the South Australian government to the Commonwealth in 1911.",
      "score_breakdown": {
        "dense": 0.052238712962999416,
        "graph": 0.0539131867372226,
        "fact": 0.0
      }
    },
    {
      "node_id": "chunk:redwood_county_poor_farm_0",
      "passage_index": 19,
      "title": "Redwood County Poor Farm",
      "score": 0.04458051036769187,
      "text": "Redwood County Poor Farm\nThe Redwood County Poor Farm (or Poorhouse) was a county run institution serving impoverished and aged people in Redwood Falls, Minnesota, United States, from 1884 to 1889 and again from 1909 to 1967, when it was converted to a nursing home.",
      "score_breakdown": {
        "dense": 0.05272929711638233,
        "graph": 0.051931323178938615,
        "fact": 0.0
      }
    },
    {
      "node_id": "chunk:orroral_river_0",
      "passage_index": 13,
      "title": "Orroral River",
      "score": 0.04449824234635118,
      "text": "Orroral River\nOrroral River, a perennial stream of the Murrumbidgee catchment within the Murray-Darling basin, is located in the Australian Capital Territory, Australia.",
      "score_breakdown": {
        "dense": 0.05226783881035247,
        "graph": 0.05250310333552441,
        "fact": 0.0
      }
    },
    {
      "node_id": "chunk:walnut_shade_missouri_0",
      "passage_index": 0,
      "title": "Walnut Shade, Missouri",
      "score": 0.04448504622499617,
      "text": "Walnut Shade, Missouri\nWalnut Shade is an unincorporated community in Taney County, Missouri, United States. It is located approximately six miles northwest of Forsyth on U.S. Route 160. The town sits at the confluence of Bull and Bear Creeks. Walnut Shade is part of the Branson, Missouri Micropolitan Statistical Area.",
      "score_breakdown": {
        "dense": 0.0528372766296633,
        "graph": 0.05141514692893783,
        "fact": 0.0
      }
    },
    {
      "node_id": "chunk:geography_of_the_united_states_0",
      "passage_index": 9,
      "title": "Geography of the United States",
      "score": 0.044407542252175,
      "text": "Geography of the United States\nThe capital city, Washington, District of Columbia, is a federal district located on land donated by the state of Maryland. (Virginia had also donated land, but it was returned in 1849.) The United States also has overseas territories with varying levels of independence and organization: in the Caribbean the territories of Puerto Rico and the U.S. Virgin Islands, and in the Pacific the inhabited territories of Guam, American Samoa, and the Northern Mariana Islands, along with a number of uninhabited island territories.",
      "score_breakdown": {
        "dense": 0.052554259587593626,
        "graph": 0.051675664929995,
        "fact": 0.0
      }
    },
    {
      "node_id": "chunk:gudgenby_river_0",
      "passage_index": 15,
      "title": "Gudgenby River",
      "score": 0.04439808328510879,
      "text": "Gudgenby River\nThe Gudgenby River, a perennial river that is part of the Murrumbidgee catchment within the Murray-Darling basin, is located in the Australian Capital Territory, Australia.",
      "score_breakdown": {
        "dense": 0.052195226488076736,
        "graph": 0.0523023623888886,
        "fact": 0.0
      }
    }
  ],
  "evidence": {
    "entity": [
      {
        "node_id": "entity:walnut_grove",
        "score": 0.04249834491008658,
        "text": "Walnut Grove",
        "metadata": {
          "canonical_name": "Walnut Grove",
          "aliases": [
            "WG",
            "Walnut Grove"
          ],
          "surface_forms": [
            "WG",
            "Walnut Grove"
          ],
          "title_anchor": ""
        }
      },
      {
        "node_id": "entity:canberra",
        "score": 0.03851200472088477,
        "text": "Canberra",
        "metadata": {
          "canonical_name": "Canberra",
          "aliases": [
            "Canberra"
          ],
          "surface_forms": [
            "Canberra"
          ],
          "title_anchor": ""
        }
      },
      {
        "node_id": "entity:dilworth",
        "score": 0.036641442178460173,
        "text": "Dilworth",
        "metadata": {
          "canonical_name": "Dilworth",
          "aliases": [
            "Dilworth"
          ],
          "surface_forms": [
            "Dilworth"
          ],
          "title_anchor": ""
        }
      },
      {
        "node_id": "entity:minnesota",
        "score": 0.031036634362524754,
        "text": "Minnesota",
        "metadata": {
          "canonical_name": "Minnesota",
          "aliases": [
            "Minnesota"
          ],
          "surface_forms": [
            "Minnesota"
          ],
          "title_anchor": ""
        }
      }
    ],
    "sentence": [
      {
        "node_id": "sentence:kingston_powerhouse_0_0_the_kingston_powerhouse_is_a_disused_power_plant_in_canberra_the_capital_of_aus",
        "score": 0.05028770897273651,
        "text": "The Kingston Powerhouse is a disused power plant in Canberra, the capital of Australia.",
        "metadata": {
          "title": "Kingston Powerhouse",
          "chunk_id": "chunk:kingston_powerhouse_0",
          "sentence_index": 0,
          "document_index": 11,
          "triples": [
            {
              "head": "Kingston Powerhouse",
              "relation": "is located in",
              "tail": "Canberra"
            },
            {
              "head": "Canberra",
              "relation": "is the capital of",
              "tail": "Australia"
            }
          ],
          "entities": [
            "Kingston Powerhouse",
            "Canberra",
            "Australia"
          ],
          "entity_ids": [
            "entity:australia",
            "entity:canberra",
            "entity:title_anchor_kingston_powerhouse"
          ]
        }
      },
      {
        "node_id": "sentence:walnut_grove_minnesota_0_1_post_office_first_state_bank_building_and_water_tower_in_walnut_grove_location",
        "score": 0.04960774243297372,
        "text": "Post Office, First State Bank Building, and water tower in Walnut Grove Location of Walnut Grove, Minnesota Coordinates: 44 ° 13 ′ 25 ''N 95 ° 28 ′ 8'' W ﻿ / ﻿ 44.22361 ° N 95.46889 ° W ﻿ / 44.22361; - 95.46889 Coordinates: 44 ° 13 ′ 25 ''N 95 ° 28 ′ 8'' W ﻿ / ﻿ 44.22361 ° N 95.46889 ° W ﻿ / 44.22361; - 95.46889 Country United States State Minnesota County Redwood Founded 1874 Incorporated 1879 Area Total 1.06 sq mi (2.75 km) Land 1.06 sq mi (2.75 km) Water 0 sq mi (0 km) Elevation 1,217 ft (371 m) Population (2010) Total 871 Estimate (2016) 813 Density 820 / sq mi (320 / km) Time zone Central (CST) (UTC - 6) Summer (DST) CDT (UTC - 5) ZIP code 56180 Area code (s) 507 FIPS code 27 - 67846 GNIS feature ID 0653743",
        "metadata": {
          "title": "Walnut Grove, Minnesota",
          "chunk_id": "chunk:walnut_grove_minnesota_0",
          "sentence_index": 1,
          "document_index": 17,
          "triples": [
            {
              "head": "Post Office",
              "relation": "related_to",
              "tail": "First State Bank Building"
            },
            {
              "head": "First State Bank Building",
              "relation": "related_to",
              "tail": "Walnut Grove Location"
            },
            {
              "head": "Walnut Grove Location",
              "relation": "related_to",
              "tail": "Walnut Grove"
            }
          ],
          "entities": [
            "Post Office",
            "First State Bank Building",
            "Walnut Grove Location",
            "Walnut Grove",
            "Minnesota Coordinates",
            "Coordinates",
            "Country United States State",
            "Minnesota County Redwood Founded",
            "Incorporated",
            "Area Total",
            "Land",
            "Water",
            "Elevation",
            "Population",
            "Total",
            "Estimate",
            "Density",
            "Time",
            "Central",
            "Summer",
            "Area"
          ],
          "entity_ids": [
            "entity:area",
            "entity:area_total",
            "entity:central",
            "entity:coordinates",
            "entity:country_united_states_state",
            "entity:density",
            "entity:elevation",
            "entity:estimate",
            "entity:first_state_bank_building",
            "entity:incorporated",
            "entity:land",
            "entity:minnesota_coordinates",
            "entity:minnesota_county_redwood_founded",
            "entity:population",
            "entity:post_office",
            "entity:summer",
            "entity:time",
            "entity:total",
            "entity:walnut_grove",
            "entity:walnut_grove_location",
            "entity:water"
          ]
        }
      },
      {
        "node_id": "sentence:star_lite_motel_0_0_the_star_lite_motel_is_a_historic_motel_in_dilworth_minnesota",
        "score": 0.042321068118369276,
        "text": "The Star Lite Motel is a historic motel in Dilworth, Minnesota.",
        "metadata": {
          "title": "Star Lite Motel",
          "chunk_id": "chunk:star_lite_motel_0",
          "sentence_index": 0,
          "document_index": 16,
          "triples": [
            {
              "head": "Star Lite Motel",
              "relation": "is located in",
              "tail": "Dilworth"
            }
          ],
          "entities": [
            "Star Lite Motel",
            "Dilworth",
            "Minnesota"
          ],
          "entity_ids": [
            "entity:dilworth",
            "entity:minnesota",
            "entity:title_anchor_star_lite_motel"
          ]
        }
      },
      {
        "node_id": "sentence:walnut_grove_minnesota_0_0_walnut_grove_is_a_city_in_redwood_county_minnesota_united_states",
        "score": 0.039457506576784145,
        "text": "Walnut Grove is a city in Redwood County, Minnesota, United States.",
        "metadata": {
          "title": "Walnut Grove, Minnesota",
          "chunk_id": "chunk:walnut_grove_minnesota_0",
          "sentence_index": 0,
          "document_index": 3,
          "triples": [
            {
              "head": "Walnut Grove",
              "relation": "is located in",
              "tail": "Redwood County"
            },
            {
              "head": "Redwood County",
              "relation": "is part of",
              "tail": "Minnesota"
            }
          ],
          "entities": [
            "Walnut Grove",
            "Redwood County",
            "Minnesota"
          ],
          "entity_ids": [
            "entity:minnesota",
            "entity:redwood_county",
            "entity:walnut_grove"
          ]
        }
      },
      {
        "node_id": "sentence:star_lite_motel_0_1_it_is_one_of_the_oldest_buildings_in_dilworth_and_the_oldest_motel_in_clay_coun",
        "score": 0.02727136837115246,
        "text": "It is one of the oldest buildings in Dilworth, and the oldest motel in Clay County.",
        "metadata": {
          "title": "Star Lite Motel",
          "chunk_id": "chunk:star_lite_motel_0",
          "sentence_index": 1,
          "document_index": 16,
          "triples": [
            {
              "head": "Dilworth",
              "relation": "related_to",
              "tail": "Clay County"
            }
          ],
          "entities": [
            "Dilworth",
            "Clay County"
          ],
          "entity_ids": [
            "entity:clay_county",
            "entity:dilworth"
          ]
        }
      },
      {
        "node_id": "sentence:history_of_australia_0_0_the_federal_capital_territory_fct_was_formed_from_new_south_wales_in_1911_to_p",
        "score": 0.02608116740338086,
        "text": "The Federal Capital Territory (FCT) was formed from New South Wales in 1911 to provide a location for the proposed new federal capital of Canberra (Melbourne was the seat of government from 1901 to 1927).",
        "metadata": {
          "title": "History of Australia",
          "chunk_id": "chunk:history_of_australia_0",
          "sentence_index": 0,
          "document_index": 12,
          "triples": [
            {
              "head": "Federal Capital Territory FCT",
              "relation": "formed from",
              "tail": "New South Wales"
            },
            {
              "head": "Federal Capital Territory FCT",
              "relation": "provides location for",
              "tail": "federal capital of Canberra"
            }
          ],
          "entities": [
            "Federal Capital Territory FCT",
            "New South Wales",
            "Canberra",
            "Melbourne"
          ],
          "entity_ids": [
            "entity:canberra",
            "entity:federal_capital_of_canberra",
            "entity:federal_capital_territory_fct",
            "entity:melbourne",
            "entity:new_south_wales"
          ]
        }
      }
    ],
    "chunk": [
      {
        "node_id": "chunk:walnut_grove_minnesota_0",
        "score": 0.02092619684447405,
        "text": "Walnut Grove, Minnesota\nWalnut Grove, Minnesota City U.S. Post Office, First State Bank Building, and water tower in Walnut Grove Location of Walnut Grove, Minnesota Coordinates: 44 ° 13 ′ 25 ''N 95 ° 28 ′ 8'' W ﻿ / ﻿ 44.22361 ° N 95.46889 ° W ﻿ / 44.22361; - 95.46889 Coordinates: 44 ° 13 ′ 25 ''N 95 ° 28 ′ 8'' W ﻿ / ﻿ 44.22361 ° N 95.46889 ° W ﻿ / 44.22361; - 95.46889 Country United States State Minnesota County Redwood Founded 1874 Incorporated 1879 Area Total 1.06 sq mi (2.75 km) Land 1.06 sq mi (2.75 km) Water 0 sq mi (0 km) Elevation 1,217 ft (371 m) Population (2010) Total 871 Estimate (2016) 813 Density 820 / sq mi (320 / km) Time zone Central (CST) (UTC - 6) Summer (DST) CDT (UTC - 5) ZIP code 56180 Area code (s) 507 FIPS code 27 - 67846 GNIS feature ID 0653743",
        "metadata": {
          "title": "Walnut Grove, Minnesota",
          "chunk_index": 0,
          "document_index": 17,
          "entity_ids": [
            "entity:another",
            "entity:area",
            "entity:area_total",
            "entity:central",
            "entity:coordinates",
            "entity:country_united_states_state",
            "entity:density",
            "entity:elevation",
            "entity:estimate",
            "entity:first_state_bank_building",
            "entity:incorporated",
            "entity:land",
            "entity:minnesota",
            "entity:minnesota_coordinates",
            "entity:minnesota_county_redwood_founded",
            "entity:population",
            "entity:post_office",
            "entity:redwood_county",
            "entity:summer",
            "entity:time",
            "entity:total",
            "entity:walnut_grove",
            "entity:walnut_grove_location",
            "entity:walnut_station",
            "entity:water"
          ]
        }
      },
      {
        "node_id": "chunk:star_lite_motel_0",
        "score": 0.014761462687457491,
        "text": "Star Lite Motel\nThe Star Lite Motel is a historic motel in Dilworth, Minnesota. It is one of the oldest buildings in Dilworth, and the oldest motel in Clay County. Earlier it was known as Charley's Motel. A previous owner created the neon sign that is regarded as the motel's most noteworthy feature.",
        "metadata": {
          "title": "Star Lite Motel",
          "chunk_index": 0,
          "document_index": 16,
          "entity_ids": [
            "entity:charley",
            "entity:charley_s_motel",
            "entity:clay_county",
            "entity:dilworth",
            "entity:earlier",
            "entity:minnesota",
            "entity:motel",
            "entity:title_anchor_star_lite_motel"
          ]
        }
      }
    ],
    "qa_context": "Star Lite Motel\nStar Lite Motel\nThe Star Lite Motel is a historic motel in Dilworth, Minnesota. It is one of the oldest buildings in Dilworth, and the oldest motel in Clay County. Earlier it was known as Charley's Motel. A previous owner created the neon sign that is regarded as the motel's most noteworthy feature.\n\nWalnut Grove, Minnesota\nWalnut Grove, Minnesota\nWalnut Grove, Minnesota City U.S. Post Office, First State Bank Building, and water tower in Walnut Grove Location of Walnut Grove, Minnesota Coordinates: 44 ° 13 ′ 25 ''N 95 ° 28 ′ 8'' W ﻿ / ﻿ 44.22361 ° N 95.46889 ° W ﻿ / 44.22361; - 95.46889 Coordinates: 44 ° 13 ′ 25 ''N 95 ° 28 ′ 8'' W ﻿ / ﻿ 44.22361 ° N 95.46889 ° W ﻿ / 44.22361; - 95.46889 Country United States State Minnesota County Redwood Founded 1874 Incorporated 1879 Area Total 1.06 sq mi (2.75 km) Land 1.06 sq mi (2.75 km) Water 0 sq mi (0 km) Elevation 1,217 ft (371 m) Population (2010) Total 871 Estimate (2016) 813 Density 820 / sq mi (320 / km) Time zone Central (CST) (UTC - 6) Summer (DST) CDT (UTC - 5) ZIP code 56180 Area code (s) 507 FIPS code 27 - 67846 GNIS feature ID 0653743\n\nKingston Powerhouse\nKingston Powerhouse\nThe Kingston Powerhouse is a disused power plant in Canberra, the capital of Australia. It is located in the suburb of Kingston, Australian Capital Territory.\n\nWalnut Grove, Washington\nWalnut Grove, Washington\nWalnut Grove is a census-designated place (CDP) in Clark County, Washington, United States. The population was 9,790 at the 2010 census, up from 7,164 at the 2000 census.\n\nHistory of Australia\nHistory of Australia\nThe Federal Capital Territory (FCT) was formed from New South Wales in 1911 to provide a location for the proposed new federal capital of Canberra (Melbourne was the seat of government from 1901 to 1927). The FCT was renamed the Australian Capital Territory (ACT) in 1938. The Northern Territory was transferred from the control of the South Australian government to the Commonwealth in 1911.",
    "retrieved_passages": [
      {
        "node_id": "chunk:star_lite_motel_0",
        "passage_index": 16,
        "title": "Star Lite Motel",
        "score": 0.09742540823936781,
        "text": "Star Lite Motel\nThe Star Lite Motel is a historic motel in Dilworth, Minnesota. It is one of the oldest buildings in Dilworth, and the oldest motel in Clay County. Earlier it was known as Charley's Motel. A previous owner created the neon sign that is regarded as the motel's most noteworthy feature.",
        "score_breakdown": {
          "dense": 0.053603483127070486,
          "graph": 0.05671034680138775,
          "fact": 0.3395359231937514
        }
      },
      {
        "node_id": "chunk:walnut_grove_minnesota_0",
        "passage_index": 17,
        "title": "Walnut Grove, Minnesota",
        "score": 0.09717853246417991,
        "text": "Walnut Grove, Minnesota\nWalnut Grove, Minnesota City U.S. Post Office, First State Bank Building, and water tower in Walnut Grove Location of Walnut Grove, Minnesota Coordinates: 44 ° 13 ′ 25 ''N 95 ° 28 ′ 8'' W ﻿ / ﻿ 44.22361 ° N 95.46889 ° W ﻿ / 44.22361; - 95.46889 Coordinates: 44 ° 13 ′ 25 ''N 95 ° 28 ′ 8'' W ﻿ / ﻿ 44.22361 ° N 95.46889 ° W ﻿ / 44.22361; - 95.46889 Country United States State Minnesota County Redwood Founded 1874 Incorporated 1879 Area Total 1.06 sq mi (2.75 km) Land 1.06 sq mi (2.75 km) Water 0 sq mi (0 km) Elevation 1,217 ft (371 m) Population (2010) Total 871 Estimate (2016) 813 Density 820 / sq mi (320 / km) Time zone Central (CST) (UTC - 6) Summer (DST) CDT (UTC - 5) ZIP code 56180 Area code (s) 507 FIPS code 27 - 67846 GNIS feature ID 0653743",
        "score_breakdown": {
          "dense": 0.053352025895509025,
          "graph": 0.05927089464413496,
          "fact": 0.33369099885606307
        }
      },
      {
        "node_id": "chunk:kingston_powerhouse_0",
        "passage_index": 11,
        "title": "Kingston Powerhouse",
        "score": 0.09435081252942237,
        "text": "Kingston Powerhouse\nThe Kingston Powerhouse is a disused power plant in Canberra, the capital of Australia. It is located in the suburb of Kingston, Australian Capital Territory.",
        "score_breakdown": {
          "dense": 0.05230949835079461,
          "graph": 0.05521542247985835,
          "fact": 0.3267730779501856
        }
      },
      {
        "node_id": "chunk:walnut_grove_washington_0",
        "passage_index": 10,
        "title": "Walnut Grove, Washington",
        "score": 0.04496675245490682,
        "text": "Walnut Grove, Washington\nWalnut Grove is a census-designated place (CDP) in Clark County, Washington, United States. The population was 9,790 at the 2010 census, up from 7,164 at the 2000 census.",
        "score_breakdown": {
          "dense": 0.05312757357265758,
          "graph": 0.05248862329981718,
          "fact": 0.0
        }
      },
      {
        "node_id": "chunk:history_of_australia_0",
        "passage_index": 12,
        "title": "History of Australia",
        "score": 0.044905248150816465,
        "text": "History of Australia\nThe Federal Capital Territory (FCT) was formed from New South Wales in 1911 to provide a location for the proposed new federal capital of Canberra (Melbourne was the seat of government from 1901 to 1927). The FCT was renamed the Australian Capital Territory (ACT) in 1938. The Northern Territory was transferred from the control of the South Australian government to the Commonwealth in 1911.",
        "score_breakdown": {
          "dense": 0.052238712962999416,
          "graph": 0.0539131867372226,
          "fact": 0.0
        }
      },
      {
        "node_id": "chunk:redwood_county_poor_farm_0",
        "passage_index": 19,
        "title": "Redwood County Poor Farm",
        "score": 0.04458051036769187,
        "text": "Redwood County Poor Farm\nThe Redwood County Poor Farm (or Poorhouse) was a county run institution serving impoverished and aged people in Redwood Falls, Minnesota, United States, from 1884 to 1889 and again from 1909 to 1967, when it was converted to a nursing home.",
        "score_breakdown": {
          "dense": 0.05272929711638233,
          "graph": 0.051931323178938615,
          "fact": 0.0
        }
      },
      {
        "node_id": "chunk:orroral_river_0",
        "passage_index": 13,
        "title": "Orroral River",
        "score": 0.04449824234635118,
        "text": "Orroral River\nOrroral River, a perennial stream of the Murrumbidgee catchment within the Murray-Darling basin, is located in the Australian Capital Territory, Australia.",
        "score_breakdown": {
          "dense": 0.05226783881035247,
          "graph": 0.05250310333552441,
          "fact": 0.0
        }
      },
      {
        "node_id": "chunk:walnut_shade_missouri_0",
        "passage_index": 0,
        "title": "Walnut Shade, Missouri",
        "score": 0.04448504622499617,
        "text": "Walnut Shade, Missouri\nWalnut Shade is an unincorporated community in Taney County, Missouri, United States. It is located approximately six miles northwest of Forsyth on U.S. Route 160. The town sits at the confluence of Bull and Bear Creeks. Walnut Shade is part of the Branson, Missouri Micropolitan Statistical Area.",
        "score_breakdown": {
          "dense": 0.0528372766296633,
          "graph": 0.05141514692893783,
          "fact": 0.0
        }
      },
      {
        "node_id": "chunk:geography_of_the_united_states_0",
        "passage_index": 9,
        "title": "Geography of the United States",
        "score": 0.044407542252175,
        "text": "Geography of the United States\nThe capital city, Washington, District of Columbia, is a federal district located on land donated by the state of Maryland. (Virginia had also donated land, but it was returned in 1849.) The United States also has overseas territories with varying levels of independence and organization: in the Caribbean the territories of Puerto Rico and the U.S. Virgin Islands, and in the Pacific the inhabited territories of Guam, American Samoa, and the Northern Mariana Islands, along with a number of uninhabited island territories.",
        "score_breakdown": {
          "dense": 0.052554259587593626,
          "graph": 0.051675664929995,
          "fact": 0.0
        }
      },
      {
        "node_id": "chunk:gudgenby_river_0",
        "passage_index": 15,
        "title": "Gudgenby River",
        "score": 0.04439808328510879,
        "text": "Gudgenby River\nThe Gudgenby River, a perennial river that is part of the Murrumbidgee catchment within the Murray-Darling basin, is located in the Australian Capital Territory, Australia.",
        "score_breakdown": {
          "dense": 0.052195226488076736,
          "graph": 0.0523023623888886,
          "fact": 0.0
        }
      }
    ],
    "reasoning_chain": [
      {
        "sub_question": "In which state is the Star Lite Motel located?",
        "sentence_id": "sentence:star_lite_motel_0_0_the_star_lite_motel_is_a_historic_motel_in_dilworth_minnesota",
        "sentence": "The Star Lite Motel is a historic motel in Dilworth, Minnesota.",
        "score": 0.5300474969114576
      },
      {
        "sub_question": "In which county is the city of Walnut Grove located in the previously identified state?",
        "sentence_id": "sentence:walnut_grove_minnesota_0_0_walnut_grove_is_a_city_in_redwood_county_minnesota_united_states",
        "sentence": "Walnut Grove is a city in Redwood County, Minnesota, United States.",
        "score": 0.6196278900623322
      },
      {
        "sub_question": "What is the capital of the county identified in the previous question?",
        "sentence_id": "sentence:walnut_grove_minnesota_0_0_walnut_grove_is_a_city_in_redwood_county_minnesota_united_states",
        "sentence": "Walnut Grove is a city in Redwood County, Minnesota, United States.",
        "score": 0.5681993186337607
      }
    ]
  },
  "sample_metadata": {
    "sample_id": "3hop1__131745_517267_451901",
    "question": "What is the capital of the county that includes the city of Walnut Grove in the state where Star Lite Motel is located?",
    "answer": "Redwood Falls",
    "answer_aliases": [
      "Redwood Falls, Minnesota"
    ],
    "question_decomposition": [
      "Which state is Star Lite Motel located?",
      "Walnut Grove, #1 >> located in the administrative territorial entity",
      "#2 >> capital"
    ]
  },
  "answer_match": {
    "gold_answer": "Redwood Falls",
    "gold_aliases": [
      "Redwood Falls, Minnesota"
    ],
    "matched": false,
    "matched_candidates": []
  }
}
