2026-03-20 20:37:47,011 INFO src.holorag.embedding_model: Loading embedding model: /data/xyh/models/NV-Embed-v2
Loading weights:   0%|          | 0/304 [00:00<?, ?it/s]Loading weights:   8%|▊         | 24/304 [00:00<00:01, 239.97it/s]Loading weights:  16%|█▌        | 49/304 [00:00<00:01, 245.09it/s]Loading weights:  25%|██▍       | 75/304 [00:00<00:00, 243.54it/s]Loading weights:  34%|███▎      | 102/304 [00:00<00:00, 242.51it/s]Loading weights:  42%|████▏     | 129/304 [00:00<00:00, 249.66it/s]Loading weights:  51%|█████     | 154/304 [00:00<00:00, 239.69it/s]Loading weights:  60%|██████    | 183/304 [00:00<00:00, 235.23it/s]Loading weights:  69%|██████▉   | 210/304 [00:00<00:00, 235.62it/s]Loading weights:  77%|███████▋  | 234/304 [00:00<00:00, 234.97it/s]Loading weights:  85%|████████▍ | 258/304 [00:01<00:00, 233.80it/s]Loading weights:  93%|█████████▎| 282/304 [00:01<00:00, 232.69it/s]Loading weights: 100%|██████████| 304/304 [00:01<00:00, 237.45it/s]
2026-03-20 20:38:06,719 INFO httpx: HTTP Request: POST http://127.0.0.1:8000/v1/chat/completions "HTTP/1.1 200 OK"
2026-03-20 20:38:07,544 INFO httpx: HTTP Request: POST http://127.0.0.1:8000/v1/chat/completions "HTTP/1.1 200 OK"
2026-03-20 20:38:09,078 INFO httpx: HTTP Request: POST http://127.0.0.1:8000/v1/chat/completions "HTTP/1.1 200 OK"
2026-03-20 20:38:10,815 INFO httpx: HTTP Request: POST http://127.0.0.1:8000/v1/chat/completions "HTTP/1.1 200 OK"
/home/xyh/miniconda3/envs/holorag-dev/lib/python3.10/site-packages/transformers/modeling_attn_mask_utils.py:202: FutureWarning: The attention mask API under `transformers.modeling_attn_mask_utils` (`AttentionMaskConverter`) is deprecated and will be removed in Transformers v5.10. Please use the new API in `transformers.masking_utils`.
  warnings.warn(DEPRECATION_MESSAGE, FutureWarning)
/home/xyh/miniconda3/envs/holorag-dev/lib/python3.10/contextlib.py:103: FutureWarning: `torch.backends.cuda.sdp_kernel()` is deprecated. In the future, this context manager will be removed. Please see `torch.nn.attention.sdpa_kernel()` for the new context manager, with updated signature.
  self.gen = func(*args, **kwds)
2026-03-20 20:38:13,444 INFO httpx: HTTP Request: POST http://127.0.0.1:8000/v1/chat/completions "HTTP/1.1 200 OK"
{
  "query": "The company making ALARM follows which company?",
  "alpha": {
    "entity": 0.2,
    "sentence": 0.5,
    "chunk": 0.3
  },
  "query_entities": [
    "ALARM"
  ],
  "raw_query_entities": [
    "ALARM"
  ],
  "query_entity_resolutions": [
    {
      "mention": "ALARM",
      "node_id": "entity:title_anchor_alarm",
      "resolved_text": "ALARM",
      "score": 0.8313333333333335,
      "alias_score": 1.0,
      "relation_score": 0.7,
      "context_score": 0.4666666666666667,
      "compatibility_score": 1.0,
      "score_margin": 0.11666666666666681,
      "confident": true
    }
  ],
  "sub_questions": [
    "What company makes ALARM?",
    "Which company does the maker of ALARM follow?"
  ],
  "sub_question_source": "model_or_heuristic",
  "seeds": [
    {
      "node_id": "entity:title_anchor_alarm",
      "score": 1.0461124078269883,
      "layer": "entity"
    },
    {
      "node_id": "entity:british_aerospace_bae_dynamics",
      "score": 0.7579655971394785,
      "layer": "entity"
    },
    {
      "node_id": "entity:british_aerospace_bae_dynamics_now_mbda",
      "score": 0.7539601451509886,
      "layer": "entity"
    },
    {
      "node_id": "entity:british_aerospace_dynamics",
      "score": 0.7490839485825965,
      "layer": "entity"
    },
    {
      "node_id": "entity:title_anchor_the_alarm_film",
      "score": 0.2949138380919204,
      "layer": "entity"
    },
    {
      "node_id": "entity:alarm",
      "score": 0.2949053433182049,
      "layer": "entity"
    },
    {
      "node_id": "entity:title_anchor_hirox",
      "score": 0.2387327397346414,
      "layer": "entity"
    },
    {
      "node_id": "entity:tokyo_japan",
      "score": 0.2387327397346414,
      "layer": "entity"
    },
    {
      "node_id": "sentence:sea_wolf_missile_0_0_sea_wolf_is_a_naval_guided_missile_system_designed_and_built_by_bac_later_to_be",
      "score": 0.21902773970656095,
      "layer": "sentence"
    },
    {
      "node_id": "sentence:ring_the_alarm_0_2_columbia_records_released_ring_the_alarm_as_the_second_single_from_b_day_in",
      "score": 0.19666491396304195,
      "layer": "sentence"
    },
    {
      "node_id": "entity:columbia_records",
      "score": 0.18479379793459852,
      "layer": "entity"
    },
    {
      "node_id": "entity:bac",
      "score": 0.1825527556270299,
      "layer": "entity"
    }
  ],
  "ranked_facts": [
    {
      "fact_id": "fact:british_aerospace_dynamics_offered_alarm_sentence_alarm_0_0_the_ministry_of_defence_received_bids_for_a_new_anti_radiati",
      "text": "British Aerospace Dynamics offered ALARM",
      "head_id": "entity:british_aerospace_dynamics",
      "tail_id": "entity:title_anchor_alarm",
      "sentence_id": "sentence:alarm_0_0_the_ministry_of_defence_received_bids_for_a_new_anti_radiation_missile_in_late_1",
      "chunk_id": "chunk:alarm_0",
      "document_index": 6,
      "score": 0.24398587278763487
    },
    {
      "fact_id": "fact:hirox_is_located_in_tokyo_japan_sentence_hirox_0_0_hirox_is_a_lens_company_in_tokyo_japan_that_created_the_first_digital",
      "text": "Hirox is located in Tokyo Japan",
      "head_id": "entity:title_anchor_hirox",
      "tail_id": "entity:tokyo_japan",
      "sentence_id": "sentence:hirox_0_0_hirox_is_a_lens_company_in_tokyo_japan_that_created_the_first_digital",
      "chunk_id": "chunk:hirox_0",
      "document_index": 5,
      "score": 0.23664734877034463
    },
    {
      "fact_id": "fact:bac_became_british_aerospace_bae_dynamics_now_mbda_sentence_sea_wolf_missile_0_0_sea_wolf_is_a_naval_guided_missile_syst",
      "text": "BAC became British Aerospace BAe Dynamics now MBDA",
      "head_id": "entity:bac",
      "tail_id": "entity:british_aerospace_bae_dynamics_now_mbda",
      "sentence_id": "sentence:sea_wolf_missile_0_0_sea_wolf_is_a_naval_guided_missile_system_designed_and_built_by_bac_later_to_be",
      "chunk_id": "chunk:sea_wolf_missile_0",
      "document_index": 3,
      "score": 0.21960297085717212
    },
    {
      "fact_id": "fact:bac_later_became_british_aerospace_bae_dynamics_sentence_sea_wolf_missile_0_0_sea_wolf_is_a_naval_guided_missile_system_",
      "text": "BAC later became British Aerospace BAe Dynamics",
      "head_id": "entity:bac",
      "tail_id": "entity:british_aerospace_bae_dynamics",
      "sentence_id": "sentence:sea_wolf_missile_0_0_sea_wolf_is_a_naval_guided_missile_system_designed_and_built_by_bac_later_to_be",
      "chunk_id": "chunk:sea_wolf_missile_0",
      "document_index": 3,
      "score": 0.1995741694090838
    },
    {
      "fact_id": "fact:columbia_records_released_ring_the_alarm_sentence_ring_the_alarm_0_2_columbia_records_released_ring_the_alarm_as_the_sec",
      "text": "Columbia Records released Ring the Alarm",
      "head_id": "entity:columbia_records",
      "tail_id": "entity:title_anchor_ring_the_alarm",
      "sentence_id": "sentence:ring_the_alarm_0_2_columbia_records_released_ring_the_alarm_as_the_second_single_from_b_day_in",
      "chunk_id": "chunk:ring_the_alarm_0",
      "document_index": 10,
      "score": 0.18270923739744335
    },
    {
      "fact_id": "fact:ring_the_alarm_is_second_single_from_b_day_sentence_ring_the_alarm_0_2_columbia_records_released_ring_the_alarm_as_the_s",
      "text": "Ring the Alarm is second single from B'Day",
      "head_id": "entity:title_anchor_ring_the_alarm",
      "tail_id": "entity:second_single_from_b_day",
      "sentence_id": "sentence:ring_the_alarm_0_2_columbia_records_released_ring_the_alarm_as_the_second_single_from_b_day_in",
      "chunk_id": "chunk:ring_the_alarm_0",
      "document_index": 10,
      "score": 0.15530285178782685
    },
    {
      "fact_id": "fact:ring_the_alarm_released_on_october_17_2006_sentence_ring_the_alarm_0_2_columbia_records_released_ring_the_alarm_as_the_s",
      "text": "Ring the Alarm released on October 17 2006",
      "head_id": "entity:title_anchor_ring_the_alarm",
      "tail_id": "entity:october_17_2006",
      "sentence_id": "sentence:ring_the_alarm_0_2_columbia_records_released_ring_the_alarm_as_the_second_single_from_b_day_in",
      "chunk_id": "chunk:ring_the_alarm_0",
      "document_index": 10,
      "score": 0.147400583078316
    },
    {
      "fact_id": "fact:sea_wolf_designed_and_built_by_bac_sentence_sea_wolf_missile_0_0_sea_wolf_is_a_naval_guided_missile_system_designed_and_",
      "text": "Sea Wolf designed and built by BAC",
      "head_id": "entity:title_anchor_sea_wolf_missile",
      "tail_id": "entity:bac",
      "sentence_id": "sentence:sea_wolf_missile_0_0_sea_wolf_is_a_naval_guided_missile_system_designed_and_built_by_bac_later_to_be",
      "chunk_id": "chunk:sea_wolf_missile_0",
      "document_index": 3,
      "score": 0.12222575564157116
    }
  ],
  "bridge_entities": [
    "British Aerospace Dynamics",
    "Ministry of Defence",
    "Texas Instruments",
    "Lucas Aerospace",
    "HARM missile",
    "Columbia Records"
  ],
  "reasoning_chain": [
    {
      "sub_question": "What company makes ALARM?",
      "sentence_id": "sentence:alarm_0_1_defence_secretary_michael_heseltine_announced_the_selection_of_alarm_on_29_july",
      "sentence": "Defence Secretary Michael Heseltine announced the selection of ALARM on 29 July 1983.",
      "score": 0.512
    },
    {
      "sub_question": "Which company does the maker of ALARM follow?",
      "sentence_id": "sentence:alarm_0_0_the_ministry_of_defence_received_bids_for_a_new_anti_radiation_missile_in_late_1",
      "sentence": "The Ministry of Defence received bids for a new anti-radiation missile in late 1982; British Aerospace Dynamics offered ALARM while Texas Instruments teamed with Lucas Aerospace offered its HARM missile.",
      "score": 0.6151428571428572
    }
  ],
  "ranked_nodes": [
    {
      "node_id": "sentence:sea_wolf_missile_0_0_sea_wolf_is_a_naval_guided_missile_system_designed_and_built_by_bac_later_to_be",
      "score": 0.0860645115507319,
      "node_type": "sentence"
    },
    {
      "node_id": "entity:british_aerospace_bae_dynamics",
      "score": 0.048798801518637344,
      "node_type": "entity"
    },
    {
      "node_id": "entity:british_aerospace_bae_dynamics_now_mbda",
      "score": 0.04444047968938597,
      "node_type": "entity"
    },
    {
      "node_id": "sentence:alarm_0_0_the_ministry_of_defence_received_bids_for_a_new_anti_radiation_missile_in_late_1",
      "score": 0.04373026526751811,
      "node_type": "sentence"
    },
    {
      "node_id": "entity:title_anchor_alarm",
      "score": 0.041706360267322176,
      "node_type": "entity"
    },
    {
      "node_id": "entity:bac",
      "score": 0.037011649336355125,
      "node_type": "entity"
    },
    {
      "node_id": "entity:british_aerospace_dynamics",
      "score": 0.03662765269153232,
      "node_type": "entity"
    },
    {
      "node_id": "sentence:ring_the_alarm_0_2_columbia_records_released_ring_the_alarm_as_the_second_single_from_b_day_in",
      "score": 0.03282682406466155,
      "node_type": "sentence"
    },
    {
      "node_id": "sentence:alarm_0_1_defence_secretary_michael_heseltine_announced_the_selection_of_alarm_on_29_july",
      "score": 0.026924793630303014,
      "node_type": "sentence"
    },
    {
      "node_id": "sentence:hirox_0_0_hirox_is_a_lens_company_in_tokyo_japan_that_created_the_first_digital",
      "score": 0.026306700053821925,
      "node_type": "sentence"
    },
    {
      "node_id": "sentence:alarm_0_3_the_selection_process_was_controversial_the_battle_between_the_contractors_was",
      "score": 0.02348806192965958,
      "node_type": "sentence"
    },
    {
      "node_id": "entity:title_anchor_sea_wolf_missile",
      "score": 0.020020073558214543,
      "node_type": "entity"
    },
    {
      "node_id": "entity:title_anchor_ring_the_alarm",
      "score": 0.01878866404292839,
      "node_type": "entity"
    },
    {
      "node_id": "entity:alarm",
      "score": 0.0178660296986526,
      "node_type": "entity"
    },
    {
      "node_id": "entity:title_anchor_hirox",
      "score": 0.01761956431391942,
      "node_type": "entity"
    },
    {
      "node_id": "sentence:sea_wolf_missile_0_3_in_royal_navy_service_sea_wolf_is_being_replaced_by_sea_ceptor",
      "score": 0.017321199871195427,
      "node_type": "sentence"
    },
    {
      "node_id": "entity:title_anchor_the_alarm_film",
      "score": 0.01601310065058182,
      "node_type": "entity"
    },
    {
      "node_id": "entity:tokyo_japan",
      "score": 0.015651609418475848,
      "node_type": "entity"
    },
    {
      "node_id": "sentence:sea_wolf_missile_0_2_the_royal_navy_has_fielded_two_versions_the_gws_25_conventionally_launched_sea",
      "score": 0.014767750735997601,
      "node_type": "sentence"
    },
    {
      "node_id": "sentence:the_alarm_film_0_0_the_alarm_is_a_1914_american_short_comedy_film_directed_by_and_starring_fatty_ar",
      "score": 0.014264494092413883,
      "node_type": "sentence"
    }
  ],
  "ranked_passages": [
    {
      "node_id": "chunk:alarm_0",
      "passage_index": 6,
      "title": "ALARM",
      "score": 0.08182343786990656,
      "text": "ALARM\nThe Ministry of Defence received bids for a new anti-radiation missile in late 1982; British Aerospace Dynamics offered ALARM while Texas Instruments teamed with Lucas Aerospace offered its HARM missile. Defence Secretary Michael Heseltine announced the selection of ALARM on 29 July 1983. The initial order was 750 missiles for the RAF. The selection process was controversial; the battle between the contractors was bitter, the Ministry of Defence favoured ALARM to retain UK industrial capabilities while the Treasury favoured the cheaper and proven HARM.",
      "score_breakdown": {
        "dense": 0.050496265467339506,
        "graph": 0.052263698329078616,
        "fact": 0.25580921576097504
      }
    },
    {
      "node_id": "chunk:sea_wolf_missile_0",
      "passage_index": 3,
      "title": "Sea Wolf (missile)",
      "score": 0.08115195720739042,
      "text": "Sea Wolf (missile)\nSea Wolf is a naval guided missile system designed and built by BAC, later to become British Aerospace (BAe) Dynamics (now MBDA). It is an automated point-defence weapon system designed as a final line of defence against both sea-skimming and high angle anti-ship missiles and aircraft. The Royal Navy has fielded two versions, the GWS-25 Conventionally Launched Sea Wolf (CLSW) and the GWS-26 Vertically Launched Sea Wolf (VLSW) forms. In Royal Navy service Sea Wolf is being replaced by Sea Ceptor.",
      "score_breakdown": {
        "dense": 0.049852620469207194,
        "graph": 0.0542864166415121,
        "fact": 0.2496472730458189
      }
    },
    {
      "node_id": "chunk:hirox_0",
      "passage_index": 5,
      "title": "Hirox",
      "score": 0.08024176023673507,
      "text": "Hirox\nHirox (ハイロックス) is a lens company in Tokyo, Japan that created the first digital microscope in 1985. This company is now known as Hirox Co Ltd. Hirox's main industry is digital microscopes, but still makes the lenses for a variety of items including rangefinders.",
      "score_breakdown": {
        "dense": 0.04986627343234323,
        "graph": 0.04908162031237812,
        "fact": 0.25393882503488563
      }
    },
    {
      "node_id": "chunk:ring_the_alarm_0",
      "passage_index": 10,
      "title": "Ring the Alarm",
      "score": 0.07872532567647042,
      "text": "Ring the Alarm\n\"Ring the Alarm\" is a song recorded by American singer Beyoncé for her second studio album, \"B'Day\" (2006). It was written by Knowles, Kasseem \"Swizz Beatz\" Dean and Sean Garrett. Columbia Records released \"Ring the Alarm\" as the second single from \"B'Day\" in the United States on October 17, 2006, while \"Irreplaceable\" (2006) was serviced as the album's second international and third US single. The song's development was motivated by Knowles' role in the Broadway musical adaptation \"Dreamgirls\" (2006). The cover art of \"Ring the Alarm\" proved controversial because Knowles used alligators during the photography session. PETA declared that Knowles' posing with a baby alligator was arguably abusive to an animal.",
      "score_breakdown": {
        "dense": 0.05011145109736667,
        "graph": 0.05024441549723568,
        "fact": 0.24060468615832034
      }
    },
    {
      "node_id": "chunk:the_alarm_film_0",
      "passage_index": 2,
      "title": "The Alarm (film)",
      "score": 0.042120192779722176,
      "text": "The Alarm (film)\nThe Alarm is a 1914 American short comedy film directed by and starring Fatty Arbuckle. This silent film was produced by Mack Sennett and The Keystone Film Company and distributed by Mutual Film Corporation. It was released on May 28, 1914.",
      "score_breakdown": {
        "dense": 0.05056152474296772,
        "graph": 0.04770451390363309,
        "fact": 0.0
      }
    },
    {
      "node_id": "chunk:sound_an_alarm_0",
      "passage_index": 16,
      "title": "Sound an Alarm",
      "score": 0.04170650181631297,
      "text": "Sound an Alarm\nSound an Alarm is a 1962 documentary about the role of the Royal Observer Corps during the event of a nuclear attack on the United Kingdom. It was also made in 1971.",
      "score_breakdown": {
        "dense": 0.05033602516586795,
        "graph": 0.04673895991695199,
        "fact": 0.0
      }
    },
    {
      "node_id": "chunk:dave_sharp_0",
      "passage_index": 13,
      "title": "Dave Sharp",
      "score": 0.04170142654790463,
      "text": "Dave Sharp\nDave Sharp (born 28 January 1959) is an English guitarist who co-founded, along with Mike Peters, the Welsh punk/new wave band The Alarm.",
      "score_breakdown": {
        "dense": 0.05002825531347086,
        "graph": 0.047286287084985515,
        "fact": 0.0
      }
    },
    {
      "node_id": "chunk:fire_alarm_notification_appliance_1",
      "passage_index": 14,
      "title": "Fire alarm notification appliance",
      "score": 0.041612894311111044,
      "text": "Fire alarm notification appliance\nintended to trigger a response other than evacuation alone. In 1996, the ANSI and the NFPA recommended a standard evacuation pattern to eliminate confusion. The pattern is uniform without regard to the sound used. This pattern, which is also used for smoke alarms, is named the Temporal - Three alarm signal, often referred to as ``T - 3 ''(ISO 8201 and ANSI / ASA S3. 41 Temporal Pattern) and produces an interrupted four count (three half second pulses, followed by a one and one half second pause, repeated for a minimum of 180 seconds). CO (carbon monoxide) detectors are specified to use a similar pattern using four pulses of tone (often referred to as T4).",
      "score_breakdown": {
        "dense": 0.050232616700942444,
        "graph": 0.04661651708530899,
        "fact": 0.0
      }
    },
    {
      "node_id": "chunk:night_alarm_0",
      "passage_index": 17,
      "title": "Night Alarm",
      "score": 0.041598354394343444,
      "text": "Night Alarm\nNight Alarm is a 1934 American drama film directed by Spencer Gordon Bennet and starring Bruce Cabot as a down on his luck reporter, Hal Ashby, who tries to make a name for himself by investigating a series of bizarre arson attacks. The film, which was a hit in movie theatres at the time, is now widely available in the public domain.",
      "score_breakdown": {
        "dense": 0.050161038715808445,
        "graph": 0.046699277002162656,
        "fact": 0.0
      }
    },
    {
      "node_id": "chunk:fire_alarm_notification_appliance_0",
      "passage_index": 14,
      "title": "Fire alarm notification appliance",
      "score": 0.04153952569484876,
      "text": "Fire alarm notification appliance\nCoding refers to the pattern or tones a notification appliance sounds in and is controlled either by the panel or by setting jumpers or DIP switches on the notification appliances. The majority of audible notification appliances installed prior to 1996 produced a steady sound for evacuation. In general, no common standard at that time mandated any particular tone, or pattern for audible fire alarm evacuation signals. While less common than a steady sound, differing signaling methods were used for the same purpose. These are named with respect to their distinctive structure and include, March Time (usually 120 pulses per minute but sometimes at 90 pulses or 20 pulses per minute, depending on the panel), Hi - Lo (two different tones that alternate), Slow - Whoop (slow rising sweep upwards in tone) among others. Today these methods are confined to applications intended to trigger a response other than evacuation alone. In 1996, the ANSI and the NFPA recommended a standard evacuation pattern to eliminate confusion. The pattern is uniform without regard to the sound used. This pattern, which is also used",
      "score_breakdown": {
        "dense": 0.05010830846433267,
        "graph": 0.046599853464885974,
        "fact": 0.0
      }
    }
  ],
  "evidence": {
    "entity": [
      {
        "node_id": "entity:british_aerospace_bae_dynamics",
        "score": 0.048798801518637344,
        "text": "British Aerospace BAe Dynamics",
        "metadata": {
          "canonical_name": "British Aerospace BAe Dynamics",
          "aliases": [
            "BABD",
            "British Aerospace BAe Dynamics",
            "British Aerospace Dynamics"
          ],
          "surface_forms": [
            "BABD",
            "British Aerospace BAe Dynamics",
            "British Aerospace Dynamics"
          ],
          "title_anchor": ""
        }
      },
      {
        "node_id": "entity:british_aerospace_bae_dynamics_now_mbda",
        "score": 0.04444047968938597,
        "text": "British Aerospace BAe Dynamics now MBDA",
        "metadata": {
          "canonical_name": "British Aerospace BAe Dynamics now MBDA",
          "aliases": [
            "BABDNM",
            "British Aerospace BAe Dynamics",
            "British Aerospace BAe Dynamics now MBDA",
            "British Aerospace Dynamics now"
          ],
          "surface_forms": [
            "BABDNM",
            "British Aerospace BAe Dynamics",
            "British Aerospace BAe Dynamics now MBDA",
            "British Aerospace Dynamics now"
          ],
          "title_anchor": ""
        }
      }
    ],
    "sentence": [
      {
        "node_id": "sentence:sea_wolf_missile_0_0_sea_wolf_is_a_naval_guided_missile_system_designed_and_built_by_bac_later_to_be",
        "score": 0.0860645115507319,
        "text": "Sea Wolf is a naval guided missile system designed and built by BAC, later to become British Aerospace (BAe) Dynamics (now MBDA).",
        "metadata": {
          "title": "Sea Wolf (missile)",
          "chunk_id": "chunk:sea_wolf_missile_0",
          "sentence_index": 0,
          "document_index": 3,
          "triples": [
            {
              "head": "Sea Wolf",
              "relation": "designed and built by",
              "tail": "BAC"
            },
            {
              "head": "BAC",
              "relation": "later became",
              "tail": "British Aerospace BAe Dynamics"
            },
            {
              "head": "British Aerospace BAe Dynamics",
              "relation": "now is",
              "tail": "MBDA"
            },
            {
              "head": "BAC",
              "relation": "became",
              "tail": "British Aerospace BAe Dynamics now MBDA"
            },
            {
              "head": "British Aerospace BAe Dynamics now MBDA",
              "relation": "formerly",
              "tail": "BAC"
            }
          ],
          "entities": [
            "Sea Wolf",
            "BAC",
            "British Aerospace BAe Dynamics",
            "MBDA",
            "British Aerospace BAe Dynamics now MBDA"
          ],
          "entity_ids": [
            "entity:bac",
            "entity:british_aerospace_bae_dynamics",
            "entity:british_aerospace_bae_dynamics_now_mbda",
            "entity:mbda",
            "entity:title_anchor_sea_wolf_missile"
          ]
        }
      },
      {
        "node_id": "sentence:alarm_0_0_the_ministry_of_defence_received_bids_for_a_new_anti_radiation_missile_in_late_1",
        "score": 0.04373026526751811,
        "text": "The Ministry of Defence received bids for a new anti-radiation missile in late 1982; British Aerospace Dynamics offered ALARM while Texas Instruments teamed with Lucas Aerospace offered its HARM missile.",
        "metadata": {
          "title": "ALARM",
          "chunk_id": "chunk:alarm_0",
          "sentence_index": 0,
          "document_index": 6,
          "triples": [
            {
              "head": "British Aerospace Dynamics",
              "relation": "offered",
              "tail": "ALARM"
            },
            {
              "head": "Texas Instruments",
              "relation": "teamed with",
              "tail": "Lucas Aerospace"
            },
            {
              "head": "Texas Instruments and Lucas Aerospace",
              "relation": "offered",
              "tail": "HARM missile"
            }
          ],
          "entities": [
            "Ministry of Defence",
            "British Aerospace Dynamics",
            "ALARM",
            "Texas Instruments",
            "Lucas Aerospace",
            "HARM missile"
          ],
          "entity_ids": [
            "entity:british_aerospace_dynamics",
            "entity:harm_missile",
            "entity:lucas_aerospace",
            "entity:ministry_of_defence",
            "entity:texas_instruments",
            "entity:texas_instruments_and_lucas_aerospace",
            "entity:title_anchor_alarm"
          ]
        }
      },
      {
        "node_id": "sentence:ring_the_alarm_0_2_columbia_records_released_ring_the_alarm_as_the_second_single_from_b_day_in",
        "score": 0.03282682406466155,
        "text": "Columbia Records released \"Ring the Alarm\" as the second single from \"B'Day\" in the United States on October 17, 2006, while \"Irreplaceable\" (2006) was serviced as the album's second international and third US single.",
        "metadata": {
          "title": "Ring the Alarm",
          "chunk_id": "chunk:ring_the_alarm_0",
          "sentence_index": 2,
          "document_index": 10,
          "triples": [
            {
              "head": "Columbia Records",
              "relation": "released",
              "tail": "Ring the Alarm"
            },
            {
              "head": "Ring the Alarm",
              "relation": "is",
              "tail": "second single from B'Day"
            },
            {
              "head": "Ring the Alarm",
              "relation": "released on",
              "tail": "October 17 2006"
            },
            {
              "head": "Irreplaceable",
              "relation": "released as",
              "tail": "second international and third US single"
            },
            {
              "head": "Irreplaceable",
              "relation": "from",
              "tail": "B'Day"
            }
          ],
          "entities": [
            "Columbia Records",
            "Ring the Alarm",
            "B'Day",
            "October 17 2006",
            "Irreplaceable"
          ],
          "entity_ids": [
            "entity:b_day",
            "entity:columbia_records",
            "entity:irreplaceable",
            "entity:october_17_2006",
            "entity:second_international_and_third_us_single",
            "entity:second_single_from_b_day",
            "entity:title_anchor_ring_the_alarm"
          ]
        }
      },
      {
        "node_id": "sentence:alarm_0_1_defence_secretary_michael_heseltine_announced_the_selection_of_alarm_on_29_july",
        "score": 0.026924793630303014,
        "text": "Defence Secretary Michael Heseltine announced the selection of ALARM on 29 July 1983.",
        "metadata": {
          "title": "ALARM",
          "chunk_id": "chunk:alarm_0",
          "sentence_index": 1,
          "document_index": 6,
          "triples": [
            {
              "head": "Michael Heseltine",
              "relation": "announced selection of",
              "tail": "ALARM"
            },
            {
              "head": "Michael Heseltine",
              "relation": "held position of",
              "tail": "Defence Secretary"
            },
            {
              "head": "selection of ALARM",
              "relation": "happened on",
              "tail": "29 July 1983"
            }
          ],
          "entities": [
            "Michael Heseltine",
            "Defence Secretary",
            "ALARM",
            "29 July 1983"
          ],
          "entity_ids": [
            "entity:29_july_1983",
            "entity:defence_secretary",
            "entity:michael_heseltine",
            "entity:selection_of_alarm",
            "entity:title_anchor_alarm"
          ]
        }
      },
      {
        "node_id": "sentence:hirox_0_0_hirox_is_a_lens_company_in_tokyo_japan_that_created_the_first_digital",
        "score": 0.026306700053821925,
        "text": "Hirox (ハイロックス) is a lens company in Tokyo, Japan that created the first digital microscope in 1985.",
        "metadata": {
          "title": "Hirox",
          "chunk_id": "chunk:hirox_0",
          "sentence_index": 0,
          "document_index": 5,
          "triples": [
            {
              "head": "Hirox",
              "relation": "is located in",
              "tail": "Tokyo Japan"
            }
          ],
          "entities": [
            "Hirox",
            "Tokyo Japan"
          ],
          "entity_ids": [
            "entity:title_anchor_hirox",
            "entity:tokyo_japan"
          ]
        }
      },
      {
        "node_id": "sentence:alarm_0_3_the_selection_process_was_controversial_the_battle_between_the_contractors_was",
        "score": 0.02348806192965958,
        "text": "The selection process was controversial; the battle between the contractors was bitter, the Ministry of Defence favoured ALARM to retain UK industrial capabilities while the Treasury favoured the cheaper and proven HARM.",
        "metadata": {
          "title": "ALARM",
          "chunk_id": "chunk:alarm_0",
          "sentence_index": 3,
          "document_index": 6,
          "triples": [
            {
              "head": "Ministry of Defence",
              "relation": "favoured",
              "tail": "ALARM"
            },
            {
              "head": "Ministry of Defence",
              "relation": "aimed to",
              "tail": "retain UK industrial capabilities"
            },
            {
              "head": "Treasury",
              "relation": "favoured",
              "tail": "HARM"
            }
          ],
          "entities": [
            "Ministry of Defence",
            "Treasury",
            "ALARM",
            "HARM",
            "UK"
          ],
          "entity_ids": [
            "entity:harm",
            "entity:ministry_of_defence",
            "entity:retain_uk_industrial_capabilities",
            "entity:title_anchor_alarm",
            "entity:treasury",
            "entity:uk"
          ]
        }
      }
    ],
    "chunk": [
      {
        "node_id": "chunk:sea_wolf_missile_0",
        "score": 0.013773888379678793,
        "text": "Sea Wolf (missile)\nSea Wolf is a naval guided missile system designed and built by BAC, later to become British Aerospace (BAe) Dynamics (now MBDA). It is an automated point-defence weapon system designed as a final line of defence against both sea-skimming and high angle anti-ship missiles and aircraft. The Royal Navy has fielded two versions, the GWS-25 Conventionally Launched Sea Wolf (CLSW) and the GWS-26 Vertically Launched Sea Wolf (VLSW) forms. In Royal Navy service Sea Wolf is being replaced by Sea Ceptor.",
        "metadata": {
          "title": "Sea Wolf (missile)",
          "chunk_index": 0,
          "document_index": 3,
          "entity_ids": [
            "entity:bac",
            "entity:british_aerospace_bae_dynamics",
            "entity:british_aerospace_bae_dynamics_now_mbda",
            "entity:gws_25_conventionally_launched_sea_wolf_clsw",
            "entity:gws_26_vertically_launched_sea_wolf_vlsw",
            "entity:mbda",
            "entity:royal_navy",
            "entity:sea_ceptor",
            "entity:title_anchor_sea_wolf_missile"
          ]
        }
      },
      {
        "node_id": "chunk:hirox_0",
        "score": 0.011661862240825487,
        "text": "Hirox\nHirox (ハイロックス) is a lens company in Tokyo, Japan that created the first digital microscope in 1985. This company is now known as Hirox Co Ltd. Hirox's main industry is digital microscopes, but still makes the lenses for a variety of items including rangefinders.",
        "metadata": {
          "title": "Hirox",
          "chunk_index": 0,
          "document_index": 5,
          "entity_ids": [
            "entity:hirox_co_ltd",
            "entity:title_anchor_hirox",
            "entity:tokyo_japan"
          ]
        }
      },
      {
        "node_id": "chunk:alarm_0",
        "score": 0.009965478885035118,
        "text": "ALARM\nThe Ministry of Defence received bids for a new anti-radiation missile in late 1982; British Aerospace Dynamics offered ALARM while Texas Instruments teamed with Lucas Aerospace offered its HARM missile. Defence Secretary Michael Heseltine announced the selection of ALARM on 29 July 1983. The initial order was 750 missiles for the RAF. The selection process was controversial; the battle between the contractors was bitter, the Ministry of Defence favoured ALARM to retain UK industrial capabilities while the Treasury favoured the cheaper and proven HARM.",
        "metadata": {
          "title": "ALARM",
          "chunk_index": 0,
          "document_index": 6,
          "entity_ids": [
            "entity:29_july_1983",
            "entity:british_aerospace_dynamics",
            "entity:defence_secretary",
            "entity:harm",
            "entity:harm_missile",
            "entity:lucas_aerospace",
            "entity:michael_heseltine",
            "entity:ministry_of_defence",
            "entity:raf",
            "entity:retain_uk_industrial_capabilities",
            "entity:selection_of_alarm",
            "entity:texas_instruments",
            "entity:texas_instruments_and_lucas_aerospace",
            "entity:title_anchor_alarm",
            "entity:treasury",
            "entity:uk"
          ]
        }
      },
      {
        "node_id": "chunk:ring_the_alarm_0",
        "score": 0.008298356206014325,
        "text": "Ring the Alarm\n\"Ring the Alarm\" is a song recorded by American singer Beyoncé for her second studio album, \"B'Day\" (2006). It was written by Knowles, Kasseem \"Swizz Beatz\" Dean and Sean Garrett. Columbia Records released \"Ring the Alarm\" as the second single from \"B'Day\" in the United States on October 17, 2006, while \"Irreplaceable\" (2006) was serviced as the album's second international and third US single. The song's development was motivated by Knowles' role in the Broadway musical adaptation \"Dreamgirls\" (2006). The cover art of \"Ring the Alarm\" proved controversial because Knowles used alligators during the photography session. PETA declared that Knowles' posing with a baby alligator was arguably abusive to an animal.",
        "metadata": {
          "title": "Ring the Alarm",
          "chunk_index": 0,
          "document_index": 10,
          "entity_ids": [
            "entity:alarm",
            "entity:b_day",
            "entity:beyonc",
            "entity:broadway_musical_adaptation_dreamgirls",
            "entity:columbia_records",
            "entity:dean",
            "entity:dreamgirls",
            "entity:irreplaceable",
            "entity:kasseem",
            "entity:kasseem_swizz_beatz_dean",
            "entity:knowles",
            "entity:knowles_posing_with_a_baby_alligator_was_arguably_abusive_to_an_animal",
            "entity:knowles_role",
            "entity:october_17_2006",
            "entity:peta",
            "entity:ring",
            "entity:sean_garrett",
            "entity:second_international_and_third_us_single",
            "entity:second_single_from_b_day",
            "entity:swizz_beatz",
            "entity:title_anchor_ring_the_alarm"
          ]
        }
      }
    ],
    "qa_context": "ALARM\nALARM\nThe Ministry of Defence received bids for a new anti-radiation missile in late 1982; British Aerospace Dynamics offered ALARM while Texas Instruments teamed with Lucas Aerospace offered its HARM missile. Defence Secretary Michael Heseltine announced the selection of ALARM on 29 July 1983. The initial order was 750 missiles for the RAF. The selection process was controversial; the battle between the contractors was bitter, the Ministry of Defence favoured ALARM to retain UK industrial capabilities while the Treasury favoured the cheaper and proven HARM.\n\nSea Wolf (missile)\nSea Wolf (missile)\nSea Wolf is a naval guided missile system designed and built by BAC, later to become British Aerospace (BAe) Dynamics (now MBDA). It is an automated point-defence weapon system designed as a final line of defence against both sea-skimming and high angle anti-ship missiles and aircraft. The Royal Navy has fielded two versions, the GWS-25 Conventionally Launched Sea Wolf (CLSW) and the GWS-26 Vertically Launched Sea Wolf (VLSW) forms. In Royal Navy service Sea Wolf is being replaced by Sea Ceptor.\n\nHirox\nHirox\nHirox (ハイロックス) is a lens company in Tokyo, Japan that created the first digital microscope in 1985. This company is now known as Hirox Co Ltd. Hirox's main industry is digital microscopes, but still makes the lenses for a variety of items including rangefinders.\n\nRing the Alarm\nRing the Alarm\n\"Ring the Alarm\" is a song recorded by American singer Beyoncé for her second studio album, \"B'Day\" (2006). It was written by Knowles, Kasseem \"Swizz Beatz\" Dean and Sean Garrett. Columbia Records released \"Ring the Alarm\" as the second single from \"B'Day\" in the United States on October 17, 2006, while \"Irreplaceable\" (2006) was serviced as the album's second international and third US single. The song's development was motivated by Knowles' role in the Broadway musical adaptation \"Dreamgirls\" (2006). The cover art of \"Ring the Alarm\" proved controversial because Knowles used alligators during the photography session. PETA declared that Knowles' posing with a baby alligator was arguably abusive to an animal.\n\nThe Alarm (film)\nThe Alarm (film)\nThe Alarm is a 1914 American short comedy film directed by and starring Fatty Arbuckle. This silent film was produced by Mack Sennett and The Keystone Film Company and distributed by Mutual Film Corporation. It was released on May 28, 1914.",
    "retrieved_passages": [
      {
        "node_id": "chunk:alarm_0",
        "passage_index": 6,
        "title": "ALARM",
        "score": 0.08182343786990656,
        "text": "ALARM\nThe Ministry of Defence received bids for a new anti-radiation missile in late 1982; British Aerospace Dynamics offered ALARM while Texas Instruments teamed with Lucas Aerospace offered its HARM missile. Defence Secretary Michael Heseltine announced the selection of ALARM on 29 July 1983. The initial order was 750 missiles for the RAF. The selection process was controversial; the battle between the contractors was bitter, the Ministry of Defence favoured ALARM to retain UK industrial capabilities while the Treasury favoured the cheaper and proven HARM.",
        "score_breakdown": {
          "dense": 0.050496265467339506,
          "graph": 0.052263698329078616,
          "fact": 0.25580921576097504
        }
      },
      {
        "node_id": "chunk:sea_wolf_missile_0",
        "passage_index": 3,
        "title": "Sea Wolf (missile)",
        "score": 0.08115195720739042,
        "text": "Sea Wolf (missile)\nSea Wolf is a naval guided missile system designed and built by BAC, later to become British Aerospace (BAe) Dynamics (now MBDA). It is an automated point-defence weapon system designed as a final line of defence against both sea-skimming and high angle anti-ship missiles and aircraft. The Royal Navy has fielded two versions, the GWS-25 Conventionally Launched Sea Wolf (CLSW) and the GWS-26 Vertically Launched Sea Wolf (VLSW) forms. In Royal Navy service Sea Wolf is being replaced by Sea Ceptor.",
        "score_breakdown": {
          "dense": 0.049852620469207194,
          "graph": 0.0542864166415121,
          "fact": 0.2496472730458189
        }
      },
      {
        "node_id": "chunk:hirox_0",
        "passage_index": 5,
        "title": "Hirox",
        "score": 0.08024176023673507,
        "text": "Hirox\nHirox (ハイロックス) is a lens company in Tokyo, Japan that created the first digital microscope in 1985. This company is now known as Hirox Co Ltd. Hirox's main industry is digital microscopes, but still makes the lenses for a variety of items including rangefinders.",
        "score_breakdown": {
          "dense": 0.04986627343234323,
          "graph": 0.04908162031237812,
          "fact": 0.25393882503488563
        }
      },
      {
        "node_id": "chunk:ring_the_alarm_0",
        "passage_index": 10,
        "title": "Ring the Alarm",
        "score": 0.07872532567647042,
        "text": "Ring the Alarm\n\"Ring the Alarm\" is a song recorded by American singer Beyoncé for her second studio album, \"B'Day\" (2006). It was written by Knowles, Kasseem \"Swizz Beatz\" Dean and Sean Garrett. Columbia Records released \"Ring the Alarm\" as the second single from \"B'Day\" in the United States on October 17, 2006, while \"Irreplaceable\" (2006) was serviced as the album's second international and third US single. The song's development was motivated by Knowles' role in the Broadway musical adaptation \"Dreamgirls\" (2006). The cover art of \"Ring the Alarm\" proved controversial because Knowles used alligators during the photography session. PETA declared that Knowles' posing with a baby alligator was arguably abusive to an animal.",
        "score_breakdown": {
          "dense": 0.05011145109736667,
          "graph": 0.05024441549723568,
          "fact": 0.24060468615832034
        }
      },
      {
        "node_id": "chunk:the_alarm_film_0",
        "passage_index": 2,
        "title": "The Alarm (film)",
        "score": 0.042120192779722176,
        "text": "The Alarm (film)\nThe Alarm is a 1914 American short comedy film directed by and starring Fatty Arbuckle. This silent film was produced by Mack Sennett and The Keystone Film Company and distributed by Mutual Film Corporation. It was released on May 28, 1914.",
        "score_breakdown": {
          "dense": 0.05056152474296772,
          "graph": 0.04770451390363309,
          "fact": 0.0
        }
      },
      {
        "node_id": "chunk:sound_an_alarm_0",
        "passage_index": 16,
        "title": "Sound an Alarm",
        "score": 0.04170650181631297,
        "text": "Sound an Alarm\nSound an Alarm is a 1962 documentary about the role of the Royal Observer Corps during the event of a nuclear attack on the United Kingdom. It was also made in 1971.",
        "score_breakdown": {
          "dense": 0.05033602516586795,
          "graph": 0.04673895991695199,
          "fact": 0.0
        }
      },
      {
        "node_id": "chunk:dave_sharp_0",
        "passage_index": 13,
        "title": "Dave Sharp",
        "score": 0.04170142654790463,
        "text": "Dave Sharp\nDave Sharp (born 28 January 1959) is an English guitarist who co-founded, along with Mike Peters, the Welsh punk/new wave band The Alarm.",
        "score_breakdown": {
          "dense": 0.05002825531347086,
          "graph": 0.047286287084985515,
          "fact": 0.0
        }
      },
      {
        "node_id": "chunk:fire_alarm_notification_appliance_1",
        "passage_index": 14,
        "title": "Fire alarm notification appliance",
        "score": 0.041612894311111044,
        "text": "Fire alarm notification appliance\nintended to trigger a response other than evacuation alone. In 1996, the ANSI and the NFPA recommended a standard evacuation pattern to eliminate confusion. The pattern is uniform without regard to the sound used. This pattern, which is also used for smoke alarms, is named the Temporal - Three alarm signal, often referred to as ``T - 3 ''(ISO 8201 and ANSI / ASA S3. 41 Temporal Pattern) and produces an interrupted four count (three half second pulses, followed by a one and one half second pause, repeated for a minimum of 180 seconds). CO (carbon monoxide) detectors are specified to use a similar pattern using four pulses of tone (often referred to as T4).",
        "score_breakdown": {
          "dense": 0.050232616700942444,
          "graph": 0.04661651708530899,
          "fact": 0.0
        }
      },
      {
        "node_id": "chunk:night_alarm_0",
        "passage_index": 17,
        "title": "Night Alarm",
        "score": 0.041598354394343444,
        "text": "Night Alarm\nNight Alarm is a 1934 American drama film directed by Spencer Gordon Bennet and starring Bruce Cabot as a down on his luck reporter, Hal Ashby, who tries to make a name for himself by investigating a series of bizarre arson attacks. The film, which was a hit in movie theatres at the time, is now widely available in the public domain.",
        "score_breakdown": {
          "dense": 0.050161038715808445,
          "graph": 0.046699277002162656,
          "fact": 0.0
        }
      },
      {
        "node_id": "chunk:fire_alarm_notification_appliance_0",
        "passage_index": 14,
        "title": "Fire alarm notification appliance",
        "score": 0.04153952569484876,
        "text": "Fire alarm notification appliance\nCoding refers to the pattern or tones a notification appliance sounds in and is controlled either by the panel or by setting jumpers or DIP switches on the notification appliances. The majority of audible notification appliances installed prior to 1996 produced a steady sound for evacuation. In general, no common standard at that time mandated any particular tone, or pattern for audible fire alarm evacuation signals. While less common than a steady sound, differing signaling methods were used for the same purpose. These are named with respect to their distinctive structure and include, March Time (usually 120 pulses per minute but sometimes at 90 pulses or 20 pulses per minute, depending on the panel), Hi - Lo (two different tones that alternate), Slow - Whoop (slow rising sweep upwards in tone) among others. Today these methods are confined to applications intended to trigger a response other than evacuation alone. In 1996, the ANSI and the NFPA recommended a standard evacuation pattern to eliminate confusion. The pattern is uniform without regard to the sound used. This pattern, which is also used",
        "score_breakdown": {
          "dense": 0.05010830846433267,
          "graph": 0.046599853464885974,
          "fact": 0.0
        }
      }
    ],
    "reasoning_chain": [
      {
        "sub_question": "What company makes ALARM?",
        "sentence_id": "sentence:alarm_0_1_defence_secretary_michael_heseltine_announced_the_selection_of_alarm_on_29_july",
        "sentence": "Defence Secretary Michael Heseltine announced the selection of ALARM on 29 July 1983.",
        "score": 0.512
      },
      {
        "sub_question": "Which company does the maker of ALARM follow?",
        "sentence_id": "sentence:alarm_0_0_the_ministry_of_defence_received_bids_for_a_new_anti_radiation_missile_in_late_1",
        "sentence": "The Ministry of Defence received bids for a new anti-radiation missile in late 1982; British Aerospace Dynamics offered ALARM while Texas Instruments teamed with Lucas Aerospace offered its HARM missile.",
        "score": 0.6151428571428572
      }
    ]
  },
  "sample_metadata": {
    "sample_id": "2hop__132472_684936",
    "question": "The company making ALARM follows which company?",
    "answer": "BAC",
    "answer_aliases": [],
    "question_decomposition": [
      "What company makes ALARM?",
      "#1 >> follows"
    ]
  },
  "answer_match": {
    "gold_answer": "BAC",
    "gold_aliases": [],
    "matched": true,
    "matched_candidates": [
      "BAC"
    ]
  }
}
